<?xml version="1.0" encoding="UTF-8"?>
<testng-results ignored="0" total="1" passed="1" failed="0" skipped="0">
  <reporter-output>
    <line>
      <![CDATA[Entering a value on element Search Field]]>
    </line>
    <line>
      <![CDATA[Submitting a value on element Google Search Button]]>
    </line>
    <line>
      <![CDATA[Capturing a text from element Search Results]]>
    </line>
    <line>
      <![CDATA[My Search number for BMW is 1,520,000,000]]>
    </line>
    <line>
      <![CDATA[Entering a value on element Search Field]]>
    </line>
    <line>
      <![CDATA[Submitting a value on element Google Search Button]]>
    </line>
    <line>
      <![CDATA[Capturing a text from element Search Results]]>
    </line>
    <line>
      <![CDATA[My Search number for Lexus is 473,000,000]]>
    </line>
  </reporter-output>
  <suite started-at="2020-05-17T12:44:55 EDT" name="Default Suite" finished-at="2020-05-17T12:45:12 EDT" duration-ms="16253">
    <groups>
    </groups>
    <test started-at="2020-05-17T12:44:55 EDT" name="Maven_Automation" finished-at="2020-05-17T12:45:12 EDT" duration-ms="16253">
      <class name="TestNG_Annotations.GoogleSearch_TestNG">
        <test-method is-config="true" signature="callDriver()[pri:0, instance:TestNG_Annotations.GoogleSearch_TestNG@20deea7f]" started-at="2020-05-17T12:44:56 EDT" name="callDriver" finished-at="2020-05-17T12:45:04 EDT" duration-ms="8038" status="PASS">
          <reporter-output>
          </reporter-output>
        </test-method> <!-- callDriver -->
        <test-method signature="googleSearch()[pri:0, instance:TestNG_Annotations.GoogleSearch_TestNG@20deea7f]" started-at="2020-05-17T12:45:04 EDT" name="googleSearch" finished-at="2020-05-17T12:45:12 EDT" duration-ms="8172" status="PASS">
          <reporter-output>
            <line>
              <![CDATA[Entering a value on element Search Field]]>
            </line>
            <line>
              <![CDATA[Submitting a value on element Google Search Button]]>
            </line>
            <line>
              <![CDATA[Capturing a text from element Search Results]]>
            </line>
            <line>
              <![CDATA[My Search number for BMW is 1,520,000,000]]>
            </line>
            <line>
              <![CDATA[Entering a value on element Search Field]]>
            </line>
            <line>
              <![CDATA[Submitting a value on element Google Search Button]]>
            </line>
            <line>
              <![CDATA[Capturing a text from element Search Results]]>
            </line>
            <line>
              <![CDATA[My Search number for Lexus is 473,000,000]]>
            </line>
          </reporter-output>
        </test-method> <!-- googleSearch -->
        <test-method is-config="true" signature="quitDriver()[pri:0, instance:TestNG_Annotations.GoogleSearch_TestNG@20deea7f]" started-at="2020-05-17T12:45:12 EDT" name="quitDriver" finished-at="2020-05-17T12:45:12 EDT" duration-ms="1" status="PASS">
          <reporter-output>
          </reporter-output>
        </test-method> <!-- quitDriver -->
      </class> <!-- TestNG_Annotations.GoogleSearch_TestNG -->
    </test> <!-- Maven_Automation -->
  </suite> <!-- Default Suite -->
</testng-results>
